[0m20:39:11.578483 [debug] [MainThread]: Sending event: {'category': 'dbt', 'action': 'invocation', 'label': 'start', 'context': [<snowplow_tracker.self_describing_json.SelfDescribingJson object at 0x7febac0cf730>, <snowplow_tracker.self_describing_json.SelfDescribingJson object at 0x7febaa831c00>, <snowplow_tracker.self_describing_json.SelfDescribingJson object at 0x7febaa831ba0>]}


============================== 20:39:11.588992 | 8e9cc8a7-6ed5-4231-8fbc-df300c1c7415 ==============================
[0m20:39:11.588992 [info ] [MainThread]: Running with dbt=1.7.9
[0m20:39:11.591015 [debug] [MainThread]: running dbt with arguments {'printer_width': '80', 'indirect_selection': 'eager', 'write_json': 'True', 'log_cache_events': 'False', 'partial_parse': 'True', 'cache_selected_only': 'False', 'warn_error': 'None', 'debug': 'False', 'version_check': 'True', 'log_path': 'logs', 'profiles_dir': '/root/.dbt', 'fail_fast': 'False', 'use_colors': 'True', 'use_experimental_parser': 'False', 'no_print': 'None', 'quiet': 'False', 'log_format': 'default', 'introspect': 'True', 'invocation_command': 'dbt init dbt_project', 'static_parser': 'True', 'target_path': 'None', 'warn_error_options': 'WarnErrorOptions(include=[], exclude=[])', 'send_anonymous_usage_stats': 'True'}
[0m20:39:11.592654 [warn ] [MainThread]: [ConfigFolderDirectory]: Unable to parse dict {'dir': PosixPath('/root/.dbt')}
[0m20:39:11.594069 [info ] [MainThread]: Creating dbt configuration folder at 
[0m20:39:11.598054 [debug] [MainThread]: Starter project path: /usr/local/lib/python3.10/site-packages/dbt/include/starter_project
[0m20:39:11.765757 [info ] [MainThread]: 
Your new dbt project "dbt_project" was created!

For more information on how to configure the profiles.yml file,
please consult the dbt documentation here:

  https://docs.getdbt.com/docs/configure-your-profile

One more thing:

Need help? Don't hesitate to reach out to us via GitHub issues or on Slack:

  https://community.getdbt.com/

Happy modeling!

[0m20:39:11.768621 [info ] [MainThread]: Setting up your profile.
[0m20:42:24.552954 [info ] [MainThread]: Profile dbt_project written to /root/.dbt/profiles.yml using target's profile_template.yml and your supplied values. Run 'dbt debug' to validate the connection.
[0m20:42:24.559801 [debug] [MainThread]: Sending event: {'category': 'dbt', 'action': 'invocation', 'label': 'end', 'context': [<snowplow_tracker.self_describing_json.SelfDescribingJson object at 0x7febac0cf730>, <snowplow_tracker.self_describing_json.SelfDescribingJson object at 0x7febaa511090>, <snowplow_tracker.self_describing_json.SelfDescribingJson object at 0x7febaa510df0>]}
[0m20:42:24.562159 [debug] [MainThread]: Flushing usage events
